# JRE version: OpenJDK Runtime Environment Temurin-21.0.9+10 (21.0.9+10) (build 21.0.9+10-LTS)
# Java VM: OpenJDK 64-Bit Server VM Temurin-21.0.9+10 (21.0.9+10-LTS, mixed mode, sharing, tiered, compressed oops, compressed class ptrs, parallel gc, windows-amd64)
GC Precious Log:
 CardTable entry size: 512
 CPUs: 8 total, 8 available
 Memory: 32495M
 Large Page Support: Disabled
 NUMA Support: Disabled
 Compressed Oops: Enabled (32-bit)
 Alignments: Space 512K, Generation 512K, Heap 2M
 Heap Min Capacity: 100M
 Heap Initial Capacity: 100M
 Heap Max Capacity: 2G
 Pre-touch: Disabled
 Parallel Workers: 8
Heap:
 PSYoungGen      total 24064K, used 24031K [0x00000000d5580000, 0x00000000d7800000, 0x0000000100000000)
  eden space 16896K, 99% used [0x00000000d5580000,0x00000000d65fd5e0,0x00000000d6600000)
  from space 7168K, 99% used [0x00000000d7100000,0x00000000d77fa8c8,0x00000000d7800000)
  to   space 8192K, 32% used [0x00000000d6800000,0x00000000d6a96f70,0x00000000d7000000)
 ParOldGen       total 380928K, used 380925K [0x0000000080000000, 0x0000000097400000, 0x00000000d5580000)
  object space 380928K, 99% used [0x0000000080000000,0x00000000973ff700,0x0000000097400000)
 Metaspace       used 66118K, committed 67456K, reserved 1114112K
  class space    used 7365K, committed 7936K, reserved 1048576K
GC Heap History (20 events):
Event: 51.213 GC heap after
{Heap after GC invocations=280 (full 3):
 PSYoungGen      total 9728K, used 2530K [0x00000000d5580000, 0x00000000d6900000, 0x0000000100000000)
  eden space 7168K, 0% used [0x00000000d5580000,0x00000000d5580000,0x00000000d5c80000)
  from space 2560K, 98% used [0x00000000d5c80000,0x00000000d5ef8aa8,0x00000000d5f00000)
  to   space 5632K, 0% used [0x00000000d6380000,0x00000000d6380000,0x00000000d6900000)
 ParOldGen       total 332288K, used 331947K [0x0000000080000000, 0x0000000094480000, 0x00000000d5580000)
  object space 332288K, 99% used [0x0000000080000000,0x000000009442aeb8,0x0000000094480000)
 Metaspace       used 62659K, committed 63936K, reserved 1114112K
  class space    used 6749K, committed 7296K, reserved 1048576K
}
Event: 51.221 GC heap before
{Heap before GC invocations=281 (full 3):
 PSYoungGen      total 9728K, used 9697K [0x00000000d5580000, 0x00000000d6900000, 0x0000000100000000)
  eden space 7168K, 99% used [0x00000000d5580000,0x00000000d5c7fa28,0x00000000d5c80000)
  from space 2560K, 98% used [0x00000000d5c80000,0x00000000d5ef8aa8,0x00000000d5f00000)
  to   space 5632K, 0% used [0x00000000d6380000,0x00000000d6380000,0x00000000d6900000)
 ParOldGen       total 332288K, used 331947K [0x0000000080000000, 0x0000000094480000, 0x00000000d5580000)
  object space 332288K, 99% used [0x0000000080000000,0x000000009442aeb8,0x0000000094480000)
 Metaspace       used 62659K, committed 63936K, reserved 1114112K
  class space    used 6749K, committed 7296K, reserved 1048576K
}
Event: 51.224 GC heap after
{Heap after GC invocations=281 (full 3):
 PSYoungGen      total 11776K, used 2924K [0x00000000d5580000, 0x00000000d6680000, 0x0000000100000000)
  eden space 8704K, 0% used [0x00000000d5580000,0x00000000d5580000,0x00000000d5e00000)
  from space 3072K, 95% used [0x00000000d6380000,0x00000000d665b138,0x00000000d6680000)
  to   space 4096K, 0% used [0x00000000d5e80000,0x00000000d5e80000,0x00000000d6280000)
 ParOldGen       total 334848K, used 334337K [0x0000000080000000, 0x0000000094700000, 0x00000000d5580000)
  object space 334848K, 99% used [0x0000000080000000,0x00000000946806d0,0x0000000094700000)
 Metaspace       used 62659K, committed 63936K, reserved 1114112K
  class space    used 6749K, committed 7296K, reserved 1048576K
}
Event: 51.233 GC heap before
{Heap before GC invocations=282 (full 3):
 PSYoungGen      total 11776K, used 11586K [0x00000000d5580000, 0x00000000d6680000, 0x0000000100000000)
  eden space 8704K, 99% used [0x00000000d5580000,0x00000000d5df5a70,0x00000000d5e00000)
  from space 3072K, 95% used [0x00000000d6380000,0x00000000d665b138,0x00000000d6680000)
  to   space 4096K, 0% used [0x00000000d5e80000,0x00000000d5e80000,0x00000000d6280000)
 ParOldGen       total 334848K, used 334337K [0x0000000080000000, 0x0000000094700000, 0x00000000d5580000)
  object space 334848K, 99% used [0x0000000080000000,0x00000000946806d0,0x0000000094700000)
 Metaspace       used 62659K, committed 63936K, reserved 1114112K
  class space    used 6749K, committed 7296K, reserved 1048576K
}
Event: 51.236 GC heap after
{Heap after GC invocations=282 (full 3):
 PSYoungGen      total 13312K, used 3788K [0x00000000d5580000, 0x00000000d6800000, 0x0000000100000000)
  eden space 9216K, 0% used [0x00000000d5580000,0x00000000d5580000,0x00000000d5e80000)
  from space 4096K, 92% used [0x00000000d5e80000,0x00000000d62331a8,0x00000000d6280000)
  to   space 4096K, 0% used [0x00000000d6400000,0x00000000d6400000,0x00000000d6800000)
 ParOldGen       total 337408K, used 337139K [0x0000000080000000, 0x0000000094980000, 0x00000000d5580000)
  object space 337408K, 99% used [0x0000000080000000,0x000000009493cec0,0x0000000094980000)
 Metaspace       used 62659K, committed 63936K, reserved 1114112K
  class space    used 6749K, committed 7296K, reserved 1048576K
}
Event: 51.247 GC heap before
{Heap before GC invocations=283 (full 3):
 PSYoungGen      total 13312K, used 13004K [0x00000000d5580000, 0x00000000d6800000, 0x0000000100000000)
  eden space 9216K, 100% used [0x00000000d5580000,0x00000000d5e80000,0x00000000d5e80000)
  from space 4096K, 92% used [0x00000000d5e80000,0x00000000d62331a8,0x00000000d6280000)
  to   space 4096K, 0% used [0x00000000d6400000,0x00000000d6400000,0x00000000d6800000)
 ParOldGen       total 337408K, used 337139K [0x0000000080000000, 0x0000000094980000, 0x00000000d5580000)
  object space 337408K, 99% used [0x0000000080000000,0x000000009493cec0,0x0000000094980000)
 Metaspace       used 62680K, committed 64000K, reserved 1114112K
  class space    used 6752K, committed 7296K, reserved 1048576K
}
Event: 51.250 GC heap after
{Heap after GC invocations=283 (full 3):
 PSYoungGen      total 14848K, used 3466K [0x00000000d5580000, 0x00000000d6880000, 0x0000000100000000)
  eden space 10752K, 0% used [0x00000000d5580000,0x00000000d5580000,0x00000000d6000000)
  from space 4096K, 84% used [0x00000000d6400000,0x00000000d6762bd0,0x00000000d6800000)
  to   space 4096K, 0% used [0x00000000d6000000,0x00000000d6000000,0x00000000d6400000)
 ParOldGen       total 340992K, used 340716K [0x0000000080000000, 0x0000000094d00000, 0x00000000d5580000)
  object space 340992K, 99% used [0x0000000080000000,0x0000000094cbb1a8,0x0000000094d00000)
 Metaspace       used 62680K, committed 64000K, reserved 1114112K
  class space    used 6752K, committed 7296K, reserved 1048576K
}
Event: 52.319 GC heap before
{Heap before GC invocations=284 (full 3):
 PSYoungGen      total 14848K, used 14218K [0x00000000d5580000, 0x00000000d6880000, 0x0000000100000000)
  eden space 10752K, 100% used [0x00000000d5580000,0x00000000d6000000,0x00000000d6000000)
  from space 4096K, 84% used [0x00000000d6400000,0x00000000d6762bd0,0x00000000d6800000)
  to   space 4096K, 0% used [0x00000000d6000000,0x00000000d6000000,0x00000000d6400000)
 ParOldGen       total 340992K, used 340716K [0x0000000080000000, 0x0000000094d00000, 0x00000000d5580000)
  object space 340992K, 99% used [0x0000000080000000,0x0000000094cbb1a8,0x0000000094d00000)
 Metaspace       used 63011K, committed 64320K, reserved 1114112K
  class space    used 6819K, committed 7360K, reserved 1048576K
}
Event: 54.321 GC heap after
{Heap after GC invocations=284 (full 3):
 PSYoungGen      total 14848K, used 2687K [0x00000000d5580000, 0x00000000d6880000, 0x0000000100000000)
  eden space 10752K, 0% used [0x00000000d5580000,0x00000000d5580000,0x00000000d6000000)
  from space 4096K, 65% used [0x00000000d6000000,0x00000000d629ffa0,0x00000000d6400000)
  to   space 3072K, 0% used [0x00000000d6580000,0x00000000d6580000,0x00000000d6880000)
 ParOldGen       total 344064K, used 344020K [0x0000000080000000, 0x0000000095000000, 0x00000000d5580000)
  object space 344064K, 99% used [0x0000000080000000,0x0000000094ff53c0,0x0000000095000000)
 Metaspace       used 63011K, committed 64320K, reserved 1114112K
  class space    used 6819K, committed 7360K, reserved 1048576K
}
Event: 54.390 GC heap before
{Heap before GC invocations=285 (full 3):
 PSYoungGen      total 14848K, used 13439K [0x00000000d5580000, 0x00000000d6880000, 0x0000000100000000)
  eden space 10752K, 100% used [0x00000000d5580000,0x00000000d6000000,0x00000000d6000000)
  from space 4096K, 65% used [0x00000000d6000000,0x00000000d629ffa0,0x00000000d6400000)
  to   space 3072K, 0% used [0x00000000d6580000,0x00000000d6580000,0x00000000d6880000)
 ParOldGen       total 344064K, used 344020K [0x0000000080000000, 0x0000000095000000, 0x00000000d5580000)
  object space 344064K, 99% used [0x0000000080000000,0x0000000094ff53c0,0x0000000095000000)
 Metaspace       used 63660K, committed 64960K, reserved 1114112K
  class space    used 6918K, committed 7488K, reserved 1048576K
}
Event: 55.407 GC heap after
{Heap after GC invocations=285 (full 3):
 PSYoungGen      total 15872K, used 2160K [0x00000000d5580000, 0x00000000d6800000, 0x0000000100000000)
  eden space 13312K, 0% used [0x00000000d5580000,0x00000000d5580000,0x00000000d6280000)
  from space 2560K, 84% used [0x00000000d6580000,0x00000000d679c200,0x00000000d6800000)
  to   space 2560K, 0% used [0x00000000d6300000,0x00000000d6300000,0x00000000d6580000)
 ParOldGen       total 346624K, used 346455K [0x0000000080000000, 0x0000000095280000, 0x00000000d5580000)
  object space 346624K, 99% used [0x0000000080000000,0x0000000095255ff0,0x0000000095280000)
 Metaspace       used 63660K, committed 64960K, reserved 1114112K
  class space    used 6918K, committed 7488K, reserved 1048576K
}
Event: 57.456 GC heap before
{Heap before GC invocations=286 (full 3):
 PSYoungGen      total 15872K, used 15472K [0x00000000d5580000, 0x00000000d6800000, 0x0000000100000000)
  eden space 13312K, 100% used [0x00000000d5580000,0x00000000d6280000,0x00000000d6280000)
  from space 2560K, 84% used [0x00000000d6580000,0x00000000d679c200,0x00000000d6800000)
  to   space 2560K, 0% used [0x00000000d6300000,0x00000000d6300000,0x00000000d6580000)
 ParOldGen       total 346624K, used 346455K [0x0000000080000000, 0x0000000095280000, 0x00000000d5580000)
  object space 346624K, 99% used [0x0000000080000000,0x0000000095255ff0,0x0000000095280000)
 Metaspace       used 63834K, committed 65088K, reserved 1114112K
  class space    used 6948K, committed 7488K, reserved 1048576K
}
Event: 60.468 GC heap after
{Heap after GC invocations=286 (full 3):
 PSYoungGen      total 16384K, used 2554K [0x00000000d5580000, 0x00000000d7c80000, 0x0000000100000000)
  eden space 13824K, 0% used [0x00000000d5580000,0x00000000d5580000,0x00000000d6300000)
  from space 2560K, 99% used [0x00000000d6300000,0x00000000d657e800,0x00000000d6580000)
  to   space 11776K, 0% used [0x00000000d7100000,0x00000000d7100000,0x00000000d7c80000)
 ParOldGen       total 354304K, used 353862K [0x0000000080000000, 0x0000000095a00000, 0x00000000d5580000)
  object space 354304K, 99% used [0x0000000080000000,0x0000000095991800,0x0000000095a00000)
 Metaspace       used 63834K, committed 65088K, reserved 1114112K
  class space    used 6948K, committed 7488K, reserved 1048576K
}
Event: 60.696 GC heap before
{Heap before GC invocations=287 (full 3):
 PSYoungGen      total 16384K, used 16279K [0x00000000d5580000, 0x00000000d7c80000, 0x0000000100000000)
  eden space 13824K, 99% used [0x00000000d5580000,0x00000000d62e7500,0x00000000d6300000)
  from space 2560K, 99% used [0x00000000d6300000,0x00000000d657e800,0x00000000d6580000)
  to   space 11776K, 0% used [0x00000000d7100000,0x00000000d7100000,0x00000000d7c80000)
 ParOldGen       total 354304K, used 353862K [0x0000000080000000, 0x0000000095a00000, 0x00000000d5580000)
  object space 354304K, 99% used [0x0000000080000000,0x0000000095991800,0x0000000095a00000)
 Metaspace       used 64455K, committed 65792K, reserved 1114112K
  class space    used 7051K, committed 7616K, reserved 1048576K
}
Event: 60.702 GC heap after
{Heap after GC invocations=287 (full 3):
 PSYoungGen      total 24064K, used 6995K [0x00000000d5580000, 0x00000000d7800000, 0x0000000100000000)
  eden space 16896K, 0% used [0x00000000d5580000,0x00000000d5580000,0x00000000d6600000)
  from space 7168K, 97% used [0x00000000d7100000,0x00000000d77d4f28,0x00000000d7800000)
  to   space 8192K, 0% used [0x00000000d6800000,0x00000000d6800000,0x00000000d7000000)
 ParOldGen       total 356352K, used 355934K [0x0000000080000000, 0x0000000095c00000, 0x00000000d5580000)
  object space 356352K, 99% used [0x0000000080000000,0x0000000095b97a10,0x0000000095c00000)
 Metaspace       used 64455K, committed 65792K, reserved 1114112K
  class space    used 7051K, committed 7616K, reserved 1048576K
}
Event: 60.942 GC heap before
{Heap before GC invocations=288 (full 3):
 PSYoungGen      total 24064K, used 23891K [0x00000000d5580000, 0x00000000d7800000, 0x0000000100000000)
  eden space 16896K, 99% used [0x00000000d5580000,0x00000000d65ffee8,0x00000000d6600000)
  from space 7168K, 97% used [0x00000000d7100000,0x00000000d77d4f28,0x00000000d7800000)
  to   space 8192K, 0% used [0x00000000d6800000,0x00000000d6800000,0x00000000d7000000)
 ParOldGen       total 356352K, used 355934K [0x0000000080000000, 0x0000000095c00000, 0x00000000d5580000)
  object space 356352K, 99% used [0x0000000080000000,0x0000000095b97a10,0x0000000095c00000)
 Metaspace       used 64514K, committed 65856K, reserved 1114112K
  class space    used 7066K, committed 7616K, reserved 1048576K
}
Event: 62.973 GC heap after
{Heap after GC invocations=288 (full 3):
 PSYoungGen      total 25088K, used 8186K [0x00000000d5580000, 0x00000000d7800000, 0x0000000100000000)
  eden space 16896K, 0% used [0x00000000d5580000,0x00000000d5580000,0x00000000d6600000)
  from space 8192K, 99% used [0x00000000d6800000,0x00000000d6ffe8c0,0x00000000d7000000)
  to   space 7168K, 0% used [0x00000000d7100000,0x00000000d7100000,0x00000000d7800000)
 ParOldGen       total 369664K, used 369642K [0x0000000080000000, 0x0000000096900000, 0x00000000d5580000)
  object space 369664K, 99% used [0x0000000080000000,0x00000000968faaf0,0x0000000096900000)
 Metaspace       used 64514K, committed 65856K, reserved 1114112K
  class space    used 7066K, committed 7616K, reserved 1048576K
}
Event: 63.087 GC heap before
{Heap before GC invocations=289 (full 3):
 PSYoungGen      total 25088K, used 25082K [0x00000000d5580000, 0x00000000d7800000, 0x0000000100000000)
  eden space 16896K, 100% used [0x00000000d5580000,0x00000000d6600000,0x00000000d6600000)
  from space 8192K, 99% used [0x00000000d6800000,0x00000000d6ffe8c0,0x00000000d7000000)
  to   space 7168K, 0% used [0x00000000d7100000,0x00000000d7100000,0x00000000d7800000)
 ParOldGen       total 369664K, used 369642K [0x0000000080000000, 0x0000000096900000, 0x00000000d5580000)
  object space 369664K, 99% used [0x0000000080000000,0x00000000968faaf0,0x0000000096900000)
 Metaspace       used 65361K, committed 66688K, reserved 1114112K
  class space    used 7212K, committed 7744K, reserved 1048576K
}
Event: 65.113 GC heap after
{Heap after GC invocations=289 (full 3):
 PSYoungGen      total 24064K, used 7146K [0x00000000d5580000, 0x00000000d7800000, 0x0000000100000000)
  eden space 16896K, 0% used [0x00000000d5580000,0x00000000d5580000,0x00000000d6600000)
  from space 7168K, 99% used [0x00000000d7100000,0x00000000d77fa8c8,0x00000000d7800000)
  to   space 8192K, 0% used [0x00000000d6800000,0x00000000d6800000,0x00000000d7000000)
 ParOldGen       total 378880K, used 378719K [0x0000000080000000, 0x0000000097200000, 0x00000000d5580000)
  object space 378880K, 99% used [0x0000000080000000,0x00000000971d7db8,0x0000000097200000)
 Metaspace       used 65361K, committed 66688K, reserved 1114112K
  class space    used 7212K, committed 7744K, reserved 1048576K
}
Event: 65.209 GC heap before
{Heap before GC invocations=290 (full 3):
 PSYoungGen      total 24064K, used 24031K [0x00000000d5580000, 0x00000000d7800000, 0x0000000100000000)
  eden space 16896K, 99% used [0x00000000d5580000,0x00000000d65fd5e0,0x00000000d6600000)
  from space 7168K, 99% used [0x00000000d7100000,0x00000000d77fa8c8,0x00000000d7800000)
  to   space 8192K, 0% used [0x00000000d6800000,0x00000000d6800000,0x00000000d7000000)
 ParOldGen       total 378880K, used 378719K [0x0000000080000000, 0x0000000097200000, 0x00000000d5580000)
  object space 378880K, 99% used [0x0000000080000000,0x00000000971d7db8,0x0000000097200000)
 Metaspace       used 66118K, committed 67456K, reserved 1114112K
  class space    used 7365K, committed 7936K, reserved 1048576K
}

